{
  message: '5:27:02 PM',
  level: 'info',
  timestamp: '2020-12-09T12:27:02.326Z'
}
{
  message: '5:27:03 PM',
  level: 'info',
  timestamp: '2020-12-09T12:27:03.768Z'
}
{
  message: '7:27:24 PM',
  level: 'info',
  timestamp: '2020-12-09T14:27:24.601Z'
}
{
  message: '7:27:25 PM',
  level: 'info',
  timestamp: '2020-12-09T14:27:25.574Z'
}
{
  message: '7:31:40 PM',
  level: 'info',
  timestamp: '2020-12-09T14:31:40.728Z'
}
{
  message: '7:31:43 PM',
  level: 'info',
  timestamp: '2020-12-09T14:31:43.077Z'
}
{
  message: '7:31:43 PM',
  level: 'info',
  timestamp: '2020-12-09T14:31:43.714Z'
}
{
  message: '7:36:02 PM',
  level: 'info',
  timestamp: '2020-12-09T14:36:03.001Z'
}
{
  message: '7:36:04 PM',
  level: 'info',
  timestamp: '2020-12-09T14:36:04.235Z'
}
{
  message: '7:36:05 PM',
  level: 'info',
  timestamp: '2020-12-09T14:36:05.011Z'
}
{
  message: '7:36:06 PM',
  level: 'info',
  timestamp: '2020-12-09T14:36:06.900Z'
}
{
  message: '7:38:42 PM',
  level: 'info',
  timestamp: '2020-12-09T14:38:42.576Z'
}
{
  message: '7:39:14 PM',
  level: 'info',
  timestamp: '2020-12-09T14:39:14.848Z'
}
{
  message: '7:40:05 PM',
  level: 'info',
  timestamp: '2020-12-09T14:40:05.570Z'
}
{
  message: '7:40:08 PM',
  level: 'info',
  timestamp: '2020-12-09T14:40:08.444Z'
}
{
  message: '7:42:47 PM',
  level: 'info',
  timestamp: '2020-12-09T14:42:47.266Z'
}
{
  message: '8:19:19 PM',
  level: 'info',
  timestamp: '2020-12-09T15:19:19.904Z'
}
{
  message: '8:19:20 PM',
  level: 'info',
  timestamp: '2020-12-09T15:19:20.729Z'
}
{
  message: '8:33:59 PM',
  level: 'info',
  timestamp: '2020-12-09T15:33:59.724Z'
}
{
  message: '8:34:01 PM',
  level: 'info',
  timestamp: '2020-12-09T15:34:01.038Z'
}
{
  message: '8:34:01 PM',
  level: 'info',
  timestamp: '2020-12-09T15:34:01.625Z'
}
{
  message: '8:35:52 PM',
  level: 'info',
  timestamp: '2020-12-09T15:35:53.006Z'
}
{
  message: '8:37:13 PM',
  level: 'info',
  timestamp: '2020-12-09T15:37:13.098Z'
}
{
  message: '8:37:13 PM',
  level: 'info',
  timestamp: '2020-12-09T15:37:13.662Z'
}
{
  message: '8:40:37 PM',
  level: 'info',
  timestamp: '2020-12-09T15:40:37.967Z'
}
{
  message: '8:40:38 PM',
  level: 'info',
  timestamp: '2020-12-09T15:40:38.666Z'
}
{
  message: '8:40:39 PM',
  level: 'info',
  timestamp: '2020-12-09T15:40:39.255Z'
}
{
  message: '10:27:43 PM',
  level: 'info',
  timestamp: '2020-12-09T17:27:43.579Z'
}
{
  message: '10:27:44 PM',
  level: 'info',
  timestamp: '2020-12-09T17:27:44.466Z'
}
{
  message: '10:27:45 PM',
  level: 'info',
  timestamp: '2020-12-09T17:27:45.128Z'
}
{
  message: '10:27:48 PM',
  level: 'info',
  timestamp: '2020-12-09T17:27:48.591Z'
}
{
  message: '10:27:49 PM',
  level: 'info',
  timestamp: '2020-12-09T17:27:49.192Z'
}
{
  message: '10:28:35 PM',
  level: 'info',
  timestamp: '2020-12-09T17:28:35.407Z'
}
